[2021-12-04 19:02:35,437] INFO [GroupMetadataManager brokerId=0] Group console-consumer-41788 transitioned to Dead in generation 2 (kafka.coordinator.group.GroupMetadataManager)
[2021-12-04 19:02:35,440] INFO [GroupMetadataManager brokerId=0] Group console-consumer-53497 transitioned to Dead in generation 2 (kafka.coordinator.group.GroupMetadataManager)
[2021-12-04 19:02:35,440] INFO [GroupMetadataManager brokerId=0] Group console-consumer-23250 transitioned to Dead in generation 2 (kafka.coordinator.group.GroupMetadataManager)
[2021-12-04 19:02:55,175] INFO [GroupCoordinator 0]: Dynamic member with unknown member id joins group console-consumer-41788 in Empty state. Created a new member id consumer-console-consumer-41788-1-e71e72f6-3c69-4003-b8bf-0aa2e2fc9923 and request the member to rejoin with this id. (kafka.coordinator.group.GroupCoordinator)
[2021-12-04 19:02:55,177] INFO [GroupCoordinator 0]: Preparing to rebalance group console-consumer-41788 in state PreparingRebalance with old generation 0 (__consumer_offsets-49) (reason: Adding new member consumer-console-consumer-41788-1-e71e72f6-3c69-4003-b8bf-0aa2e2fc9923 with group instance id None) (kafka.coordinator.group.GroupCoordinator)
[2021-12-04 19:02:55,178] INFO [GroupCoordinator 0]: Stabilized group console-consumer-41788 generation 1 (__consumer_offsets-49) with 1 members (kafka.coordinator.group.GroupCoordinator)
[2021-12-04 19:02:55,183] INFO [GroupCoordinator 0]: Assignment received from leader consumer-console-consumer-41788-1-e71e72f6-3c69-4003-b8bf-0aa2e2fc9923 for group console-consumer-41788 for generation 1. The group has 1 members, 0 of which are static. (kafka.coordinator.group.GroupCoordinator)
[2021-12-04 19:03:08,272] INFO [GroupCoordinator 0]: Dynamic member with unknown member id joins group console-consumer-41788 in Stable state. Created a new member id consumer-console-consumer-41788-1-07e5e135-710e-403a-9baa-f7f2744e6191 and request the member to rejoin with this id. (kafka.coordinator.group.GroupCoordinator)
[2021-12-04 19:03:08,274] INFO [GroupCoordinator 0]: Preparing to rebalance group console-consumer-41788 in state PreparingRebalance with old generation 1 (__consumer_offsets-49) (reason: Adding new member consumer-console-consumer-41788-1-07e5e135-710e-403a-9baa-f7f2744e6191 with group instance id None) (kafka.coordinator.group.GroupCoordinator)
[2021-12-04 19:03:10,200] INFO [GroupCoordinator 0]: Stabilized group console-consumer-41788 generation 2 (__consumer_offsets-49) with 2 members (kafka.coordinator.group.GroupCoordinator)
[2021-12-04 19:03:10,201] INFO [GroupCoordinator 0]: Assignment received from leader consumer-console-consumer-41788-1-e71e72f6-3c69-4003-b8bf-0aa2e2fc9923 for group console-consumer-41788 for generation 2. The group has 2 members, 0 of which are static. (kafka.coordinator.group.GroupCoordinator)
[2021-12-04 19:03:16,448] INFO [GroupCoordinator 0]: Preparing to rebalance group console-consumer-41788 in state PreparingRebalance with old generation 2 (__consumer_offsets-49) (reason: Removing member consumer-console-consumer-41788-1-07e5e135-710e-403a-9baa-f7f2744e6191 on LeaveGroup) (kafka.coordinator.group.GroupCoordinator)
[2021-12-04 19:03:16,448] INFO [GroupCoordinator 0]: Member MemberMetadata(memberId=consumer-console-consumer-41788-1-07e5e135-710e-403a-9baa-f7f2744e6191, groupInstanceId=None, clientId=consumer-console-consumer-41788-1, clientHost=/127.0.0.1, sessionTimeoutMs=45000, rebalanceTimeoutMs=300000, supportedProtocols=List(range, cooperative-sticky)) has left group console-consumer-41788 through explicit `LeaveGroup` request (kafka.coordinator.group.GroupCoordinator)
[2021-12-04 19:03:19,209] INFO [GroupCoordinator 0]: Stabilized group console-consumer-41788 generation 3 (__consumer_offsets-49) with 1 members (kafka.coordinator.group.GroupCoordinator)
[2021-12-04 19:03:19,211] INFO [GroupCoordinator 0]: Assignment received from leader consumer-console-consumer-41788-1-e71e72f6-3c69-4003-b8bf-0aa2e2fc9923 for group console-consumer-41788 for generation 3. The group has 1 members, 0 of which are static. (kafka.coordinator.group.GroupCoordinator)
[2021-12-04 19:32:09,116] INFO Terminating process due to signal SIGINT (org.apache.kafka.common.utils.LoggingSignalHandler)
[2021-12-04 19:32:09,118] INFO [KafkaServer id=0] shutting down (kafka.server.KafkaServer)
[2021-12-04 19:32:09,119] INFO [KafkaServer id=0] Starting controlled shutdown (kafka.server.KafkaServer)
[2021-12-04 19:32:09,134] INFO [KafkaServer id=0] Controlled shutdown succeeded (kafka.server.KafkaServer)
[2021-12-04 19:32:09,139] INFO [/config/changes-event-process-thread]: Shutting down (kafka.common.ZkNodeChangeNotificationListener$ChangeEventProcessThread)
[2021-12-04 19:32:09,139] INFO [/config/changes-event-process-thread]: Shutdown completed (kafka.common.ZkNodeChangeNotificationListener$ChangeEventProcessThread)
[2021-12-04 19:32:09,140] INFO [/config/changes-event-process-thread]: Stopped (kafka.common.ZkNodeChangeNotificationListener$ChangeEventProcessThread)
[2021-12-04 19:32:09,140] INFO [SocketServer listenerType=ZK_BROKER, nodeId=0] Stopping socket server request processors (kafka.network.SocketServer)
[2021-12-04 19:32:09,145] INFO [SocketServer listenerType=ZK_BROKER, nodeId=0] Stopped socket server request processors (kafka.network.SocketServer)
[2021-12-04 19:32:09,146] INFO [data-plane Kafka Request Handler on Broker 0], shutting down (kafka.server.KafkaRequestHandlerPool)
[2021-12-04 19:32:09,147] INFO [data-plane Kafka Request Handler on Broker 0], shut down completely (kafka.server.KafkaRequestHandlerPool)
[2021-12-04 19:32:09,148] INFO [ExpirationReaper-0-AlterAcls]: Shutting down (kafka.server.DelayedOperationPurgatory$ExpiredOperationReaper)
[2021-12-04 19:32:09,253] INFO [ExpirationReaper-0-AlterAcls]: Shutdown completed (kafka.server.DelayedOperationPurgatory$ExpiredOperationReaper)
[2021-12-04 19:32:09,253] INFO [ExpirationReaper-0-AlterAcls]: Stopped (kafka.server.DelayedOperationPurgatory$ExpiredOperationReaper)
[2021-12-04 19:32:09,254] INFO [KafkaApi-0] Shutdown complete. (kafka.server.KafkaApis)
[2021-12-04 19:32:09,254] INFO [ExpirationReaper-0-topic]: Shutting down (kafka.server.DelayedOperationPurgatory$ExpiredOperationReaper)
[2021-12-04 19:32:09,457] INFO [ExpirationReaper-0-topic]: Stopped (kafka.server.DelayedOperationPurgatory$ExpiredOperationReaper)
[2021-12-04 19:32:09,457] INFO [ExpirationReaper-0-topic]: Shutdown completed (kafka.server.DelayedOperationPurgatory$ExpiredOperationReaper)
[2021-12-04 19:32:09,460] INFO [TransactionCoordinator id=0] Shutting down. (kafka.coordinator.transaction.TransactionCoordinator)
[2021-12-04 19:32:09,461] INFO [Transaction State Manager 0]: Shutdown complete (kafka.coordinator.transaction.TransactionStateManager)
[2021-12-04 19:32:09,461] INFO [Transaction Marker Channel Manager 0]: Shutting down (kafka.coordinator.transaction.TransactionMarkerChannelManager)
[2021-12-04 19:32:09,461] INFO [Transaction Marker Channel Manager 0]: Stopped (kafka.coordinator.transaction.TransactionMarkerChannelManager)
[2021-12-04 19:32:09,461] INFO [Transaction Marker Channel Manager 0]: Shutdown completed (kafka.coordinator.transaction.TransactionMarkerChannelManager)
[2021-12-04 19:32:09,462] INFO [TransactionCoordinator id=0] Shutdown complete. (kafka.coordinator.transaction.TransactionCoordinator)
[2021-12-04 19:32:09,462] INFO [GroupCoordinator 0]: Shutting down. (kafka.coordinator.group.GroupCoordinator)
[2021-12-04 19:32:09,462] INFO [ExpirationReaper-0-Heartbeat]: Shutting down (kafka.server.DelayedOperationPurgatory$ExpiredOperationReaper)
[2021-12-04 19:32:09,496] INFO [ExpirationReaper-0-Heartbeat]: Stopped (kafka.server.DelayedOperationPurgatory$ExpiredOperationReaper)
[2021-12-04 19:32:09,496] INFO [ExpirationReaper-0-Heartbeat]: Shutdown completed (kafka.server.DelayedOperationPurgatory$ExpiredOperationReaper)
[2021-12-04 19:32:09,496] INFO [ExpirationReaper-0-Rebalance]: Shutting down (kafka.server.DelayedOperationPurgatory$ExpiredOperationReaper)
[2021-12-04 19:32:09,659] INFO [ExpirationReaper-0-Rebalance]: Stopped (kafka.server.DelayedOperationPurgatory$ExpiredOperationReaper)
[2021-12-04 19:32:09,659] INFO [ExpirationReaper-0-Rebalance]: Shutdown completed (kafka.server.DelayedOperationPurgatory$ExpiredOperationReaper)
[2021-12-04 19:32:09,660] INFO [GroupCoordinator 0]: Shutdown complete. (kafka.coordinator.group.GroupCoordinator)
[2021-12-04 19:32:09,661] INFO [ReplicaManager broker=0] Shutting down (kafka.server.ReplicaManager)
[2021-12-04 19:32:09,661] INFO [LogDirFailureHandler]: Shutting down (kafka.server.ReplicaManager$LogDirFailureHandler)
[2021-12-04 19:32:09,661] INFO [LogDirFailureHandler]: Stopped (kafka.server.ReplicaManager$LogDirFailureHandler)
[2021-12-04 19:32:09,661] INFO [LogDirFailureHandler]: Shutdown completed (kafka.server.ReplicaManager$LogDirFailureHandler)
[2021-12-04 19:32:09,661] INFO [ReplicaFetcherManager on broker 0] shutting down (kafka.server.ReplicaFetcherManager)
[2021-12-04 19:32:09,662] INFO [ReplicaFetcherManager on broker 0] shutdown completed (kafka.server.ReplicaFetcherManager)
[2021-12-04 19:32:09,662] INFO [ReplicaAlterLogDirsManager on broker 0] shutting down (kafka.server.ReplicaAlterLogDirsManager)
[2021-12-04 19:32:09,662] INFO [ReplicaAlterLogDirsManager on broker 0] shutdown completed (kafka.server.ReplicaAlterLogDirsManager)
[2021-12-04 19:32:09,662] INFO [ExpirationReaper-0-Fetch]: Shutting down (kafka.server.DelayedOperationPurgatory$ExpiredOperationReaper)
[2021-12-04 19:32:09,749] INFO [ExpirationReaper-0-Fetch]: Stopped (kafka.server.DelayedOperationPurgatory$ExpiredOperationReaper)
[2021-12-04 19:32:09,749] INFO [ExpirationReaper-0-Fetch]: Shutdown completed (kafka.server.DelayedOperationPurgatory$ExpiredOperationReaper)
[2021-12-04 19:32:09,749] INFO [ExpirationReaper-0-Produce]: Shutting down (kafka.server.DelayedOperationPurgatory$ExpiredOperationReaper)
[2021-12-04 19:32:09,860] INFO [ExpirationReaper-0-Produce]: Stopped (kafka.server.DelayedOperationPurgatory$ExpiredOperationReaper)
[2021-12-04 19:32:09,860] INFO [ExpirationReaper-0-Produce]: Shutdown completed (kafka.server.DelayedOperationPurgatory$ExpiredOperationReaper)
[2021-12-04 19:32:09,860] INFO [ExpirationReaper-0-DeleteRecords]: Shutting down (kafka.server.DelayedOperationPurgatory$ExpiredOperationReaper)
[2021-12-04 19:32:10,064] INFO [ExpirationReaper-0-DeleteRecords]: Stopped (kafka.server.DelayedOperationPurgatory$ExpiredOperationReaper)
[2021-12-04 19:32:10,064] INFO [ExpirationReaper-0-DeleteRecords]: Shutdown completed (kafka.server.DelayedOperationPurgatory$ExpiredOperationReaper)
[2021-12-04 19:32:10,065] INFO [ExpirationReaper-0-ElectLeader]: Shutting down (kafka.server.DelayedOperationPurgatory$ExpiredOperationReaper)
[2021-12-04 19:32:10,264] INFO [ExpirationReaper-0-ElectLeader]: Stopped (kafka.server.DelayedOperationPurgatory$ExpiredOperationReaper)
[2021-12-04 19:32:10,264] INFO [ExpirationReaper-0-ElectLeader]: Shutdown completed (kafka.server.DelayedOperationPurgatory$ExpiredOperationReaper)
[2021-12-04 19:32:10,266] INFO [ReplicaManager broker=0] Shut down completely (kafka.server.ReplicaManager)
[2021-12-04 19:32:10,266] INFO [BrokerToControllerChannelManager broker=0 name=alterIsr]: Shutting down (kafka.server.BrokerToControllerRequestThread)
[2021-12-04 19:32:10,266] INFO [BrokerToControllerChannelManager broker=0 name=alterIsr]: Stopped (kafka.server.BrokerToControllerRequestThread)
[2021-12-04 19:32:10,267] INFO [BrokerToControllerChannelManager broker=0 name=alterIsr]: Shutdown completed (kafka.server.BrokerToControllerRequestThread)
[2021-12-04 19:32:10,268] INFO Broker to controller channel manager for alterIsr shutdown (kafka.server.BrokerToControllerChannelManagerImpl)
[2021-12-04 19:32:10,268] INFO [BrokerToControllerChannelManager broker=0 name=forwarding]: Shutting down (kafka.server.BrokerToControllerRequestThread)
[2021-12-04 19:32:10,268] INFO [BrokerToControllerChannelManager broker=0 name=forwarding]: Stopped (kafka.server.BrokerToControllerRequestThread)
[2021-12-04 19:32:10,268] INFO [BrokerToControllerChannelManager broker=0 name=forwarding]: Shutdown completed (kafka.server.BrokerToControllerRequestThread)
[2021-12-04 19:32:10,268] INFO Broker to controller channel manager for forwarding shutdown (kafka.server.BrokerToControllerChannelManagerImpl)
[2021-12-04 19:32:10,269] INFO Shutting down. (kafka.log.LogManager)
[2021-12-04 19:32:10,292] INFO [ProducerStateManager partition=__consumer_offsets-33] Wrote producer snapshot at offset 3 with 0 producer ids in 1 ms. (kafka.log.ProducerStateManager)
[2021-12-04 19:32:10,298] INFO [ProducerStateManager partition=__consumer_offsets-49] Wrote producer snapshot at offset 360 with 0 producer ids in 0 ms. (kafka.log.ProducerStateManager)
[2021-12-04 19:32:10,307] INFO [ProducerStateManager partition=eaten-0] Wrote producer snapshot at offset 7 with 0 producer ids in 0 ms. (kafka.log.ProducerStateManager)
[2021-12-04 19:32:10,314] INFO Shutdown complete. (kafka.log.LogManager)
[2021-12-04 19:32:10,320] INFO [feature-zk-node-event-process-thread]: Shutting down (kafka.server.FinalizedFeatureChangeListener$ChangeNotificationProcessorThread)
[2021-12-04 19:32:10,320] INFO [feature-zk-node-event-process-thread]: Stopped (kafka.server.FinalizedFeatureChangeListener$ChangeNotificationProcessorThread)
[2021-12-04 19:32:10,320] INFO [feature-zk-node-event-process-thread]: Shutdown completed (kafka.server.FinalizedFeatureChangeListener$ChangeNotificationProcessorThread)
[2021-12-04 19:32:10,320] INFO [ZooKeeperClient Kafka server] Closing. (kafka.zookeeper.ZooKeeperClient)
[2021-12-04 19:32:10,345] WARN An exception was thrown while closing send thread for session 0x100021eaef60000. (org.apache.zookeeper.ClientCnxn)
java.io.IOException: Connection reset by peer
	at sun.nio.ch.FileDispatcherImpl.read0(Native Method)
	at sun.nio.ch.SocketDispatcher.read(SocketDispatcher.java:39)
	at sun.nio.ch.IOUtil.readIntoNativeBuffer(IOUtil.java:223)
	at sun.nio.ch.IOUtil.read(IOUtil.java:192)
	at sun.nio.ch.SocketChannelImpl.read(SocketChannelImpl.java:379)
	at org.apache.zookeeper.ClientCnxnSocketNIO.doIO(ClientCnxnSocketNIO.java:74)
	at org.apache.zookeeper.ClientCnxnSocketNIO.doTransport(ClientCnxnSocketNIO.java:350)
	at org.apache.zookeeper.ClientCnxn$SendThread.run(ClientCnxn.java:1290)
[2021-12-04 19:32:10,449] INFO Session: 0x100021eaef60000 closed (org.apache.zookeeper.ZooKeeper)
[2021-12-04 19:32:10,449] INFO EventThread shut down for session: 0x100021eaef60000 (org.apache.zookeeper.ClientCnxn)
[2021-12-04 19:32:10,450] INFO [ZooKeeperClient Kafka server] Closed. (kafka.zookeeper.ZooKeeperClient)
[2021-12-04 19:32:10,450] INFO [ThrottledChannelReaper-Fetch]: Shutting down (kafka.server.ClientQuotaManager$ThrottledChannelReaper)
[2021-12-04 19:32:10,963] INFO [ThrottledChannelReaper-Fetch]: Stopped (kafka.server.ClientQuotaManager$ThrottledChannelReaper)
[2021-12-04 19:32:10,963] INFO [ThrottledChannelReaper-Fetch]: Shutdown completed (kafka.server.ClientQuotaManager$ThrottledChannelReaper)
[2021-12-04 19:32:10,963] INFO [ThrottledChannelReaper-Produce]: Shutting down (kafka.server.ClientQuotaManager$ThrottledChannelReaper)
[2021-12-04 19:32:11,964] INFO [ThrottledChannelReaper-Produce]: Stopped (kafka.server.ClientQuotaManager$ThrottledChannelReaper)
[2021-12-04 19:32:11,964] INFO [ThrottledChannelReaper-Produce]: Shutdown completed (kafka.server.ClientQuotaManager$ThrottledChannelReaper)
[2021-12-04 19:32:11,965] INFO [ThrottledChannelReaper-Request]: Shutting down (kafka.server.ClientQuotaManager$ThrottledChannelReaper)
[2021-12-04 19:32:12,964] INFO [ThrottledChannelReaper-Request]: Stopped (kafka.server.ClientQuotaManager$ThrottledChannelReaper)
[2021-12-04 19:32:12,964] INFO [ThrottledChannelReaper-Request]: Shutdown completed (kafka.server.ClientQuotaManager$ThrottledChannelReaper)
[2021-12-04 19:32:12,965] INFO [ThrottledChannelReaper-ControllerMutation]: Shutting down (kafka.server.ClientQuotaManager$ThrottledChannelReaper)
[2021-12-04 19:32:13,967] INFO [ThrottledChannelReaper-ControllerMutation]: Stopped (kafka.server.ClientQuotaManager$ThrottledChannelReaper)
[2021-12-04 19:32:13,967] INFO [ThrottledChannelReaper-ControllerMutation]: Shutdown completed (kafka.server.ClientQuotaManager$ThrottledChannelReaper)
[2021-12-04 19:32:13,968] INFO [SocketServer listenerType=ZK_BROKER, nodeId=0] Shutting down socket server (kafka.network.SocketServer)
[2021-12-04 19:32:13,988] INFO [SocketServer listenerType=ZK_BROKER, nodeId=0] Shutdown completed (kafka.network.SocketServer)
[2021-12-04 19:32:13,988] INFO Metrics scheduler closed (org.apache.kafka.common.metrics.Metrics)
[2021-12-04 19:32:13,988] INFO Closing reporter org.apache.kafka.common.metrics.JmxReporter (org.apache.kafka.common.metrics.Metrics)
[2021-12-04 19:32:13,988] INFO Metrics reporters closed (org.apache.kafka.common.metrics.Metrics)
[2021-12-04 19:32:13,990] INFO Broker and topic stats closed (kafka.server.BrokerTopicStats)
[2021-12-04 19:32:13,991] INFO App info kafka.server for 0 unregistered (org.apache.kafka.common.utils.AppInfoParser)
[2021-12-04 19:32:13,991] INFO [KafkaServer id=0] shut down completed (kafka.server.KafkaServer)
